Operating system Centos 6,
 GCC 9.2.0,
 and Cadence NC/IUS 14.10
are a supported combination.
irun(64): 14.10-s005: (c) Copyright 1995-2014 Cadence Design Systems, Inc.
file: bdw_work/sims/top_V_DPA.v
	module worklib.top:v
		errors: 0, warnings: 0
file: bdw_work/wrappers/SobelFilter_cosim.v
	module worklib.SobelFilter_cosim:v
		errors: 0, warnings: 0
file: bdw_work/modules/SobelFilter/DPA/SobelFilter_rtl.v
	module worklib.SobelFilter:v
		errors: 0, warnings: 0
file: bdw_work/modules/SobelFilter/DPA/v_rtl/SobelFilter_ROM_9X8_embossFilterMask.v
	module worklib.SobelFilter_ROM_9X8_embossFilterMask:v
		errors: 0, warnings: 0
*** Registering Hub PLI1.0 Interface***
		Caching library 'worklib' ....... Done
	Elaborating the design hierarchy:
	Top level design units:
		top
	Building instance overlay tables: ....................
            $readmemh("bdw_work/modules/SobelFilter/DPA/SobelFilter_ROM_9X8_embossFilterMask_0.memh", embossFilterMask);
                                                                                                                     |
ncelab: *W,MEMODR (./bdw_work/modules/SobelFilter/DPA/v_rtl/SobelFilter_ROM_9X8_embossFilterMask.v,17|117): $readmem default memory order incompatible with IEEE1364.
 Done
	Generating native compiled code:
		worklib.SobelFilter:v <0x3bd60419>
			streams:  69, words: 22175
		worklib.SobelFilter_ROM_9X8_embossFilterMask:v <0x1d851219>
			streams:   3, words:   957
		worklib.top:v <0x03c370df>
			streams: 124, words: 120966
	Building instance specific data structures.
	Loading native compiled code:     .................... Done
	Design hierarchy summary:
		                 Instances  Unique
		Modules:                 4       4
		Registers:             174     174
		Scalar wires:           33       -
		Vectored wires:         13       -
		Always blocks:          48      48
		Initial blocks:         10      10
		Cont. assignments:      24      35
		Pseudo assignments:      7       7
		Simulation timescale:  1ps
	Writing initial simulation snapshot: worklib.top:v
Loading snapshot worklib.top:v .................... Done
*** Registering Hub PLI1.0 Interface***
ncsim> source /usr/cad/cadence/INCISIV/cur/tools/inca/files/ncsimrc
ncsim> 
ncsim> run

             SystemC 2.3.0-ASI --- Feb  9 2017 16:02:52
        Copyright (c) 1996-2012 by all Contributors,
        ALL RIGHTS RESERVED

NOTE: Cadence Design Systems Hub Simulation Platform : version 17.21-s100

Info: /OSCI/SystemC: Simulation stopped by user.
Simulation stopped via $stop(1) at time 20971575100 PS + 0
./bdw_work/sims/top_V_DPA.v:69 		#100 $stop;
ncsim> quit
Total run time = 20971510 ns
