irun(64): 14.10-s005: (c) Copyright 1995-2014 Cadence Design Systems, Inc.
TOOL:	irun(64)	14.10-s005: Started on Nov 17, 2019 at 10:14:42 CST
irun
	+nc64bit
	+incdir+/tools/linux/cadence/STRATUS/cur/tools.lnx86/stratus/lib
	+incdir+bdw_work/wrappers
	+access+rw
	+loadpli1=/tools/linux/cadence/STRATUS/cur/tools.lnx86/stratus/lib/64bit/ncvlog_ssl:ssl_bootstrap
	-f bdw_work/sims/V_DPA/siminfo
		bdw_work/sims/top_V_DPA.v
		bdw_work/wrappers/SobelFilter_cosim.v
		bdw_work/modules/SobelFilter/DPA/SobelFilter_rtl.v
		bdw_work/modules/SobelFilter/DPA/v_rtl/SobelFilter_ROM_9X8_embossFilterMask.v
	+ncinput+bdw_work/sims/V_DPA/ncverilog.do
	+nclibdirname+bdw_work/sims/V_DPA
	+libext+.v
	+define+ioConfig
	+define+BDW_RTL_SobelFilter_DPA
	+nowarn+LIBNOU
	+hubSetOption+libdef=bdw_work/sims/V_DPA/sim_V_DPA.so,argv=../lena_std_short.bmp%out.bmp
	+hubSetOption+bdr=bdw_work/sims/V_DPA/sim.bdr
	-l bdw_work/sims/V_DPA/bdw_sim_verilog.log

   User defined plus("+") options:
	+hubSetOption+libdef=bdw_work/sims/V_DPA/sim_V_DPA.so,argv=../lena_std_short.bmp%out.bmp
	+hubSetOption+bdr=bdw_work/sims/V_DPA/sim.bdr

file: bdw_work/sims/top_V_DPA.v
	module worklib.top:v
		errors: 0, warnings: 0
file: bdw_work/wrappers/SobelFilter_cosim.v
	module worklib.SobelFilter_cosim:v
		errors: 0, warnings: 0
file: bdw_work/modules/SobelFilter/DPA/SobelFilter_rtl.v
	module worklib.SobelFilter:v
		errors: 0, warnings: 0
file: bdw_work/modules/SobelFilter/DPA/v_rtl/SobelFilter_ROM_9X8_embossFilterMask.v
	module worklib.SobelFilter_ROM_9X8_embossFilterMask:v
		errors: 0, warnings: 0
*** Registering Hub PLI1.0 Interface***
		Caching library 'worklib' ....... Done
	Elaborating the design hierarchy:
	Top level design units:
		top
	Building instance overlay tables: ....................
            $readmemh("bdw_work/modules/SobelFilter/DPA/SobelFilter_ROM_9X8_embossFilterMask_0.memh", embossFilterMask);
                                                                                                                     |
ncelab: *W,MEMODR (./bdw_work/modules/SobelFilter/DPA/v_rtl/SobelFilter_ROM_9X8_embossFilterMask.v,17|117): $readmem default memory order incompatible with IEEE1364.
 Done
	Generating native compiled code:
		worklib.SobelFilter:v <0x3bd60419>
			streams:  69, words: 22175
		worklib.SobelFilter_ROM_9X8_embossFilterMask:v <0x1d851219>
			streams:   3, words:   957
		worklib.top:v <0x03c370df>
			streams: 124, words: 120966
	Building instance specific data structures.
	Loading native compiled code:     .................... Done
	Design hierarchy summary:
		                 Instances  Unique
		Modules:                 4       4
		Registers:             174     174
		Scalar wires:           33       -
		Vectored wires:         13       -
		Always blocks:          48      48
		Initial blocks:         10      10
		Cont. assignments:      24      35
		Pseudo assignments:      7       7
		Simulation timescale:  1ps
	Writing initial simulation snapshot: worklib.top:v
Loading snapshot worklib.top:v .................... Done
*** Registering Hub PLI1.0 Interface***
ncsim> source /usr/cad/cadence/INCISIV/cur/tools/inca/files/ncsimrc
ncsim> 
ncsim> run
NOTE: Cadence Design Systems Hub Simulation Platform : version 17.21-s100
Simulation stopped via $stop(1) at time 20971575100 PS + 0
./bdw_work/sims/top_V_DPA.v:69 		#100 $stop;
ncsim> quit
TOOL:	irun(64)	14.10-s005: Exiting on Nov 17, 2019 at 10:16:28 CST  (total: 00:01:46)
