=========================================================
Scheduler report file
Generated by stratus_hls 17.21-s100  (88813.070850)
On:          Sun Nov 17 10:14:32 2019
Project Dir: /users/course/2019F/ee64700/mc03/ee6470-hw6/sobel_stratus/stratus
Module:      SobelFilter
HLS Config:  DPA
=========================================================
Scheduler report for : gen_prev_trig_reg_0                                                                        
------------------------------------------                                                                                            
                                                                                                                  
Op                    SID(BB;Clocked)  Pipeline Stage  IS     SRCLOC                                              
--                    ---------------  --------------  --     ------                                              
                                                                                                                  
o_newR.m_req.gen_pre  6 (5:FALSE)      --              FALSE  ../SobelFilter.h,l:19,c:37                          
                                                                                                                  
o_newR.m_req.gen_pre  12 (11:FALSE)    --              FALSE  ../SobelFilter.h,l:19,c:37                          
                                                                                                                  
o_newR.m_req.gen_pre  12 (11:FALSE)    --              FALSE  ../SobelFilter.h,l:19,c:37                          
                                                                                                                  
                                                                                                                  
Scheduler report for : gen_prev_trig_reg_1                                                                        
------------------------------------------                                                                                            
                                                                                                                  
Op                    SID(BB;Clocked)  Pipeline Stage  IS     SRCLOC                                              
--                    ---------------  --------------  --     ------                                              
                                                                                                                  
o_newG.m_req.gen_pre  6 (5:FALSE)      --              FALSE  ../SobelFilter.h,l:20,c:37                          
                                                                                                                  
o_newG.m_req.gen_pre  12 (11:FALSE)    --              FALSE  ../SobelFilter.h,l:20,c:37                          
                                                                                                                  
o_newG.m_req.gen_pre  12 (11:FALSE)    --              FALSE  ../SobelFilter.h,l:20,c:37                          
                                                                                                                  
                                                                                                                  
Scheduler report for : gen_prev_trig_reg_2                                                                        
------------------------------------------                                                                                            
                                                                                                                  
Op                    SID(BB;Clocked)  Pipeline Stage  IS     SRCLOC                                              
--                    ---------------  --------------  --     ------                                              
                                                                                                                  
o_newB.m_req.gen_pre  6 (5:FALSE)      --              FALSE  ../SobelFilter.h,l:21,c:37                          
                                                                                                                  
o_newB.m_req.gen_pre  12 (11:FALSE)    --              FALSE  ../SobelFilter.h,l:21,c:37                          
                                                                                                                  
o_newB.m_req.gen_pre  12 (11:FALSE)    --              FALSE  ../SobelFilter.h,l:21,c:37                          
                                                                                                                  
                                                                                                                  
Scheduler report for : gen_active_0                                                                               
-----------------------------------                                                                                            
                                                                                                                  
Op                    SID(BB;Clocked)  Pipeline Stage  IS     SRCLOC                                              
--                    ---------------  --------------  --     ------                                              
                                                                                                                  
o_newR.m_req.gen_act  4 (3:FALSE)      --              FALSE  ../SobelFilter.h,l:19,c:37                          
                                                                                                                  
o_newR.m_req.gen_act  4 (3:FALSE)      --              FALSE  ../SobelFilter.h,l:19,c:37                          
                                                                                                                  
o_newR.m_req.gen_act  4 (3:FALSE)      --              FALSE  ../SobelFilter.h,l:19,c:37                          
                                                                                                                  
o_newR.m_req.gen_act  4 (3:FALSE)      --              FALSE  ../SobelFilter.h,l:19,c:37                          
                                                                                                                  
                                                                                                                  
Scheduler report for : gen_vld_0                                                                                  
--------------------------------                                                                                            
                                                                                                                  
Op                    SID(BB;Clocked)  Pipeline Stage  IS     SRCLOC                                              
--                    ---------------  --------------  --     ------                                              
                                                                                                                  
o_newR.gen_vld        4 (3:FALSE)      --              FALSE  ../SobelFilter.h,l:19,c:37                          
                                                                                                                  
o_newR.gen_vld        4 (3:FALSE)      --              FALSE  ../SobelFilter.h,l:19,c:37                          
                                                                                                                  
o_newR.gen_vld        4 (3:FALSE)      --              FALSE  ../SobelFilter.h,l:19,c:37                          
                                                                                                                  
o_newR.gen_vld        4 (3:FALSE)      --              FALSE  ../SobelFilter.h,l:19,c:37                          
                                                                                                                  
                                                                                                                  
Scheduler report for : gen_next_trig_reg_0                                                                        
------------------------------------------                                                                                            
                                                                                                                  
Op                    SID(BB;Clocked)  Pipeline Stage  IS     SRCLOC                                              
--                    ---------------  --------------  --     ------                                              
                                                                                                                  
o_newR.m_req.gen_nex  3 (2:TRUE)       --              FALSE  ../SobelFilter.h,l:19,c:37                          
                                                                                                                  
o_newR.m_req.gen_nex  3 (2:TRUE)       --              FALSE  ../SobelFilter.h,l:19,c:37                          
                                                                                                                  
o_newR.m_req.gen_nex  3 (2:TRUE)       --              FALSE  ../SobelFilter.h,l:19,c:37                          
                                                                                                                  
                                                                                                                  
Scheduler report for : gen_active_1                                                                               
-----------------------------------                                                                                            
                                                                                                                  
Op                    SID(BB;Clocked)  Pipeline Stage  IS     SRCLOC                                              
--                    ---------------  --------------  --     ------                                              
                                                                                                                  
o_newG.m_req.gen_act  4 (3:FALSE)      --              FALSE  ../SobelFilter.h,l:20,c:37                          
                                                                                                                  
o_newG.m_req.gen_act  4 (3:FALSE)      --              FALSE  ../SobelFilter.h,l:20,c:37                          
                                                                                                                  
o_newG.m_req.gen_act  4 (3:FALSE)      --              FALSE  ../SobelFilter.h,l:20,c:37                          
                                                                                                                  
o_newG.m_req.gen_act  4 (3:FALSE)      --              FALSE  ../SobelFilter.h,l:20,c:37                          
                                                                                                                  
                                                                                                                  
Scheduler report for : gen_vld_1                                                                                  
--------------------------------                                                                                            
                                                                                                                  
Op                    SID(BB;Clocked)  Pipeline Stage  IS     SRCLOC                                              
--                    ---------------  --------------  --     ------                                              
                                                                                                                  
o_newG.gen_vld        4 (3:FALSE)      --              FALSE  ../SobelFilter.h,l:20,c:37                          
                                                                                                                  
o_newG.gen_vld        4 (3:FALSE)      --              FALSE  ../SobelFilter.h,l:20,c:37                          
                                                                                                                  
o_newG.gen_vld        4 (3:FALSE)      --              FALSE  ../SobelFilter.h,l:20,c:37                          
                                                                                                                  
o_newG.gen_vld        4 (3:FALSE)      --              FALSE  ../SobelFilter.h,l:20,c:37                          
                                                                                                                  
                                                                                                                  
Scheduler report for : gen_next_trig_reg_1                                                                        
------------------------------------------                                                                                            
                                                                                                                  
Op                    SID(BB;Clocked)  Pipeline Stage  IS     SRCLOC                                              
--                    ---------------  --------------  --     ------                                              
                                                                                                                  
o_newG.m_req.gen_nex  3 (2:TRUE)       --              FALSE  ../SobelFilter.h,l:20,c:37                          
                                                                                                                  
o_newG.m_req.gen_nex  3 (2:TRUE)       --              FALSE  ../SobelFilter.h,l:20,c:37                          
                                                                                                                  
o_newG.m_req.gen_nex  3 (2:TRUE)       --              FALSE  ../SobelFilter.h,l:20,c:37                          
                                                                                                                  
                                                                                                                  
Scheduler report for : gen_active_2                                                                               
-----------------------------------                                                                                            
                                                                                                                  
Op                    SID(BB;Clocked)  Pipeline Stage  IS     SRCLOC                                              
--                    ---------------  --------------  --     ------                                              
                                                                                                                  
o_newB.m_req.gen_act  4 (3:FALSE)      --              FALSE  ../SobelFilter.h,l:21,c:37                          
                                                                                                                  
o_newB.m_req.gen_act  4 (3:FALSE)      --              FALSE  ../SobelFilter.h,l:21,c:37                          
                                                                                                                  
o_newB.m_req.gen_act  4 (3:FALSE)      --              FALSE  ../SobelFilter.h,l:21,c:37                          
                                                                                                                  
o_newB.m_req.gen_act  4 (3:FALSE)      --              FALSE  ../SobelFilter.h,l:21,c:37                          
                                                                                                                  
                                                                                                                  
Scheduler report for : gen_vld_2                                                                                  
--------------------------------                                                                                            
                                                                                                                  
Op                    SID(BB;Clocked)  Pipeline Stage  IS     SRCLOC                                              
--                    ---------------  --------------  --     ------                                              
                                                                                                                  
o_newB.gen_vld        4 (3:FALSE)      --              FALSE  ../SobelFilter.h,l:21,c:37                          
                                                                                                                  
o_newB.gen_vld        4 (3:FALSE)      --              FALSE  ../SobelFilter.h,l:21,c:37                          
                                                                                                                  
o_newB.gen_vld        4 (3:FALSE)      --              FALSE  ../SobelFilter.h,l:21,c:37                          
                                                                                                                  
o_newB.gen_vld        4 (3:FALSE)      --              FALSE  ../SobelFilter.h,l:21,c:37                          
                                                                                                                  
                                                                                                                  
Scheduler report for : gen_next_trig_reg_2                                                                        
------------------------------------------                                                                                            
                                                                                                                  
Op                    SID(BB;Clocked)  Pipeline Stage  IS     SRCLOC                                              
--                    ---------------  --------------  --     ------                                              
                                                                                                                  
o_newB.m_req.gen_nex  3 (2:TRUE)       --              FALSE  ../SobelFilter.h,l:21,c:37                          
                                                                                                                  
o_newB.m_req.gen_nex  3 (2:TRUE)       --              FALSE  ../SobelFilter.h,l:21,c:37                          
                                                                                                                  
o_newB.m_req.gen_nex  3 (2:TRUE)       --              FALSE  ../SobelFilter.h,l:21,c:37                          
                                                                                                                  
                                                                                                                  
Scheduler report for : gen_unvalidated_req_0                                                                      
--------------------------------------------                                                                                            
                                                                                                                  
Op                    SID(BB;Clocked)  Pipeline Stage  IS     SRCLOC                                              
--                    ---------------  --------------  --     ------                                              
                                                                                                                  
i_rgb.gen_unvalidate  8 (7:FALSE)      --              FALSE  ../SobelFilter.h,l:18,c:37                          
                                                                                                                  
i_rgb                 10 (9:FALSE)     --              FALSE  ../SobelFilter.h,l:18,c:37                          
                                                                                                                  
i_rgb.gen_unvalidate  11 (10:TRUE)     --              FALSE  ../SobelFilter.h,l:18,c:37                          
                                                                                                                  
i_rgb.gen_unvalidate  14 (13:FALSE)    --              FALSE  ../SobelFilter.h,l:18,c:37                          
                                                                                                                  
i_rgb.gen_unvalidate  14 (13:FALSE)    --              FALSE  ../SobelFilter.h,l:18,c:37                          
                                                                                                                  
i_rgb.gen_unvalidate  14 (13:FALSE)    --              FALSE  ../SobelFilter.h,l:18,c:37                          
                                                                                                                  
i_rgb.gen_unvalidate  14 (13:FALSE)    --              FALSE  ../SobelFilter.h,l:18,c:37                          
                                                                                                                  
                                                                                                                  
Scheduler report for : gen_do_stall_reg_full_0                                                                    
----------------------------------------------                                                                                            
                                                                                                                  
Op                    SID(BB;Clocked)  Pipeline Stage  IS     SRCLOC                                              
--                    ---------------  --------------  --     ------                                              
                                                                                                                  
i_rgb.gen_do_stall_r  6 (5:FALSE)      --              FALSE  ../SobelFilter.h,l:18,c:37                          
                                                                                                                  
i_rgb.gen_do_stall_r  12 (11:FALSE)    --              FALSE  ../SobelFilter.h,l:18,c:37                          
                                                                                                                  
i_rgb.gen_do_stall_r  12 (11:FALSE)    --              FALSE  ../SobelFilter.h,l:18,c:37                          
                                                                                                                  
i_rgb.gen_do_stall_r  12 (11:FALSE)    --              FALSE  ../SobelFilter.h,l:18,c:37                          
                                                                                                                  
i_rgb.gen_do_stall_r  12 (11:FALSE)    --              FALSE  ../SobelFilter.h,l:18,c:37                          
                                                                                                                  
                                                                                                                  
Scheduler report for : gen_do_reg_vld_0                                                                           
---------------------------------------                                                                                            
                                                                                                                  
Op                    SID(BB;Clocked)  Pipeline Stage  IS     SRCLOC                                              
--                    ---------------  --------------  --     ------                                              
                                                                                                                  
i_rgb.gen_do_reg_vld  8 (7:FALSE)      --              FALSE  ../SobelFilter.h,l:18,c:37                          
                                                                                                                  
i_rgb                 10 (9:FALSE)     --              FALSE  ../SobelFilter.h,l:18,c:37                          
                                                                                                                  
i_rgb.gen_do_reg_vld  11 (10:TRUE)     --              FALSE  ../SobelFilter.h,l:18,c:37                          
                                                                                                                  
i_rgb.gen_do_reg_vld  14 (13:FALSE)    --              FALSE  ../SobelFilter.h,l:18,c:37                          
                                                                                                                  
i_rgb.gen_do_reg_vld  14 (13:FALSE)    --              FALSE  ../SobelFilter.h,l:18,c:37                          
                                                                                                                  
i_rgb.gen_do_reg_vld  14 (13:FALSE)    --              FALSE  ../SobelFilter.h,l:18,c:37                          
                                                                                                                  
i_rgb.gen_do_reg_vld  14 (13:FALSE)    --              FALSE  ../SobelFilter.h,l:18,c:37                          
                                                                                                                  
                                                                                                                  
Scheduler report for : gen_unacked_req_0                                                                          
----------------------------------------                                                                                            
                                                                                                                  
Op                    SID(BB;Clocked)  Pipeline Stage  IS     SRCLOC                                              
--                    ---------------  --------------  --     ------                                              
                                                                                                                  
o_newR.gen_unacked_r  6 (5:FALSE)      --              FALSE  ../SobelFilter.h,l:19,c:37                          
                                                                                                                  
o_newR.gen_unacked_r  12 (11:FALSE)    --              FALSE  ../SobelFilter.h,l:19,c:37                          
                                                                                                                  
o_newR.gen_unacked_r  12 (11:FALSE)    --              FALSE  ../SobelFilter.h,l:19,c:37                          
                                                                                                                  
                                                                                                                  
Scheduler report for : gen_stalling_0                                                                             
-------------------------------------                                                                                            
                                                                                                                  
Op                    SID(BB;Clocked)  Pipeline Stage  IS     SRCLOC                                              
--                    ---------------  --------------  --     ------                                              
                                                                                                                  
o_newR.gen_stalling   4 (3:FALSE)      --              FALSE  ../SobelFilter.h,l:19,c:37                          
                                                                                                                  
o_newR.gen_stalling   5 (4:TRUE)       --              FALSE  ../SobelFilter.h,l:19,c:37                          
                                                                                                                  
o_newR.gen_stalling   6 (5:FALSE)      --              FALSE  ../SobelFilter.h,l:19,c:37                          
                                                                                                                  
o_newR.gen_stalling   6 (5:FALSE)      --              FALSE  ../SobelFilter.h,l:19,c:37                          
                                                                                                                  
o_newR.gen_stalling   6 (5:FALSE)      --              FALSE  ../SobelFilter.h,l:19,c:37                          
                                                                                                                  
                                                                                                                  
Scheduler report for : gen_unacked_req_1                                                                          
----------------------------------------                                                                                            
                                                                                                                  
Op                    SID(BB;Clocked)  Pipeline Stage  IS     SRCLOC                                              
--                    ---------------  --------------  --     ------                                              
                                                                                                                  
o_newG.gen_unacked_r  6 (5:FALSE)      --              FALSE  ../SobelFilter.h,l:20,c:37                          
                                                                                                                  
o_newG.gen_unacked_r  12 (11:FALSE)    --              FALSE  ../SobelFilter.h,l:20,c:37                          
                                                                                                                  
o_newG.gen_unacked_r  12 (11:FALSE)    --              FALSE  ../SobelFilter.h,l:20,c:37                          
                                                                                                                  
                                                                                                                  
Scheduler report for : gen_stalling_1                                                                             
-------------------------------------                                                                                            
                                                                                                                  
Op                    SID(BB;Clocked)  Pipeline Stage  IS     SRCLOC                                              
--                    ---------------  --------------  --     ------                                              
                                                                                                                  
o_newG.gen_stalling   4 (3:FALSE)      --              FALSE  ../SobelFilter.h,l:20,c:37                          
                                                                                                                  
o_newG.gen_stalling   5 (4:TRUE)       --              FALSE  ../SobelFilter.h,l:20,c:37                          
                                                                                                                  
o_newG.gen_stalling   6 (5:FALSE)      --              FALSE  ../SobelFilter.h,l:20,c:37                          
                                                                                                                  
o_newG.gen_stalling   6 (5:FALSE)      --              FALSE  ../SobelFilter.h,l:20,c:37                          
                                                                                                                  
o_newG.gen_stalling   6 (5:FALSE)      --              FALSE  ../SobelFilter.h,l:20,c:37                          
                                                                                                                  
                                                                                                                  
Scheduler report for : gen_unacked_req_2                                                                          
----------------------------------------                                                                                            
                                                                                                                  
Op                    SID(BB;Clocked)  Pipeline Stage  IS     SRCLOC                                              
--                    ---------------  --------------  --     ------                                              
                                                                                                                  
o_newB.gen_unacked_r  6 (5:FALSE)      --              FALSE  ../SobelFilter.h,l:21,c:37                          
                                                                                                                  
o_newB.gen_unacked_r  12 (11:FALSE)    --              FALSE  ../SobelFilter.h,l:21,c:37                          
                                                                                                                  
o_newB.gen_unacked_r  12 (11:FALSE)    --              FALSE  ../SobelFilter.h,l:21,c:37                          
                                                                                                                  
                                                                                                                  
Scheduler report for : gen_stalling_2                                                                             
-------------------------------------                                                                                            
                                                                                                                  
Op                    SID(BB;Clocked)  Pipeline Stage  IS     SRCLOC                                              
--                    ---------------  --------------  --     ------                                              
                                                                                                                  
o_newB.gen_stalling   4 (3:FALSE)      --              FALSE  ../SobelFilter.h,l:21,c:37                          
                                                                                                                  
o_newB.gen_stalling   5 (4:TRUE)       --              FALSE  ../SobelFilter.h,l:21,c:37                          
                                                                                                                  
o_newB.gen_stalling   6 (5:FALSE)      --              FALSE  ../SobelFilter.h,l:21,c:37                          
                                                                                                                  
o_newB.gen_stalling   6 (5:FALSE)      --              FALSE  ../SobelFilter.h,l:21,c:37                          
                                                                                                                  
o_newB.gen_stalling   6 (5:FALSE)      --              FALSE  ../SobelFilter.h,l:21,c:37                          
                                                                                                                  
                                                                                                                  
Scheduler report for : do_filter                                                                                  
--------------------------------                                                                                            
                                                                                                                  
Op                    SID(BB;Clocked)  Pipeline Stage  IS     SRCLOC                                              
--                    ---------------  --------------  --     ------                                              
                                                                                                                  
i_rgb.m_busy_req_0.r  3 (2:FALSE)      --              FALSE  @(f:../SobelFilter.h,l:18,c:37->f:/tools/linux/cad  
                                                                                                                  
i_rgb.m_stalling.res  3 (2:FALSE)      --              FALSE  @(f:../SobelFilter.h,l:18,c:37->f:/tools/linux/cad  
                                                                                                                  
o_newR.m_req.m_trig_  3 (2:FALSE)      --              FALSE  @(f:../SobelFilter.h,l:19,c:37->f:/tools/linux/cad  
                                                                                                                  
o_newG.m_req.m_trig_  3 (2:FALSE)      --              FALSE  @(f:../SobelFilter.h,l:20,c:37->f:/tools/linux/cad  
                                                                                                                  
o_newB.m_req.m_trig_  3 (2:FALSE)      --              FALSE  @(f:../SobelFilter.h,l:21,c:37->f:/tools/linux/cad  
                                                                                                                  
embossFilterMask      5 (4:FALSE)      --              FALSE  ../SobelFilter.cpp,l:34,c:17 -> l:108,c:2           
                                                                                                                  
newR                  5 (4:FALSE)      --              FALSE                                                      
                                                                                                                  
newG                  5 (4:FALSE)      --              FALSE                                                      
                                                                                                                  
newB                  5 (4:FALSE)      --              FALSE                                                      
                                                                                                                  
v                     5 (4:FALSE)      --              FALSE  @trimmed to 0:0: (f:../SobelFilter.cpp,l:115,c:21)  
                                                                                                                  
newR                  8 (7:FALSE)      --              FALSE  ../SobelFilter.cpp,l:96,c:6 -> l:115,c:3            
                                                                                                                  
newG                  8 (7:FALSE)      --              FALSE  ../SobelFilter.cpp,l:96,c:12 -> l:115,c:3           
                                                                                                                  
newB                  8 (7:FALSE)      --              FALSE  ../SobelFilter.cpp,l:96,c:18 -> l:115,c:3           
                                                                                                                  
v                     8 (7:FALSE)      --              FALSE  ../SobelFilter.cpp,l:115,c:21 -> c:40               
                                                                                                                  
embossFilterMask      8 (7:FALSE)      --              FALSE  ../SobelFilter.cpp,l:34,c:17 -> l:115,c:3           
                                                                                                                  
u                     8 (7:FALSE)      --              FALSE  @trimmed to 0:0: (f:../SobelFilter.cpp,l:116,c:22)  
                                                                                                                  
newR                  9 (8:FALSE)      --              FALSE  ../SobelFilter.cpp,l:96,c:6 -> l:129,c:6            
                                                                                                                  
newG                  9 (8:FALSE)      --              FALSE  ../SobelFilter.cpp,l:96,c:12 -> l:130,c:6           
                                                                                                                  
newB                  9 (8:FALSE)      --              FALSE  ../SobelFilter.cpp,l:96,c:18 -> l:131,c:6           
                                                                                                                  
u                     9 (8:FALSE)      --              FALSE  ../SobelFilter.cpp,l:116,c:22 -> c:41               
                                                                                                                  
embossFilterMask      9 (8:FALSE)      --              FALSE  ../SobelFilter.cpp,l:34,c:17 -> l:129,c:51          
                                                                                                                  
i_rgb.m_busy_req_0.g  10 (9:FALSE)     --              FALSE  @(f:../SobelFilter.h,l:18,c:37->f:/tools/linux/cad  
                                                                                                                  
i_rgb                 12 (11:TRUE)     --              FALSE  ../SobelFilter.h,l:18,c:37                          
                                                                                                                  
do_filter.get         12 (11:TRUE)     --              FALSE  ../SobelFilter.cpp,l:95,c:19 mapped                 
                                                                                                                  
embossFilterMask      12 (11:TRUE)     --              FALSE  ../SobelFilter.cpp,l:34,c:17                        
                                                                                                                  
i_rgb.m_busy_req_0.g  13 (12:FALSE)    --              FALSE  @(f:../SobelFilter.h,l:18,c:37->f:/tools/linux/cad  
                                                                                                                  
                      15 (14:FALSE)    --              FALSE  f:../SobelFilter.cpp,l:115,c:38                     
                                                                                                                  
                      15 (14:FALSE)    --              FALSE  f:../SobelFilter.cpp,l:116,c:39                     
                                                                                                                  
i_rgb.data.get::nb_g  15 (14:FALSE)    --              FALSE  @(f:../SobelFilter.h,l:18,c:37->f:/tools/linux/cad  
                                                                                                                  
embossFilterMask      16 (15:TRUE)     --              FALSE  ../SobelFilter.cpp,l:34,c:17                        
                                                                                                                  
f:../SobelFilter.cpp  16 (15:TRUE)     --              FALSE  & c:11                                              
                                                                                                                  
f:../SobelFilter.cpp  16 (15:TRUE)     --              FALSE  & trimmed to 8:0: l:97,c:6                          
                                                                                                                  
max                   16 (15:TRUE)     --              FALSE  ../SobelFilter.cpp,l:137,c:22                       
                                                                                                                  
trimmed               16 (15:TRUE)     --              FALSE  to 0:0: f:../SobelFilter.cpp,l:137,c:41 & max @c:2  
                                                                                                                  
trimmed               16 (15:TRUE)     --              FALSE  to 8:0: f:../SobelFilter.cpp,l:137,c:45 & min @c:1  
                                                                                                                  
trimmed               16 (15:TRUE)     --              FALSE  to 0:0: f:../SobelFilter.cpp,l:137,c:41 & max @c:2  
                                                                                                                  
trimmed               16 (15:TRUE)     --              FALSE  to 8:0: f:../SobelFilter.cpp,l:137,c:45 & min       
                                                                                                                  
f:../SobelFilter.cpp  18 (16:TRUE)     --              FALSE  & c:11                                              
                                                                                                                  
f:../SobelFilter.cpp  18 (16:TRUE)     --              FALSE  & trimmed to 8:0: l:97,c:6                          
                                                                                                                  
max                   18 (16:TRUE)     --              FALSE  ../SobelFilter.cpp,l:138,c:22                       
                                                                                                                  
trimmed               18 (16:TRUE)     --              FALSE  to 0:0: f:../SobelFilter.cpp,l:138,c:41 & max @c:2  
                                                                                                                  
trimmed               18 (16:TRUE)     --              FALSE  to 8:0: f:../SobelFilter.cpp,l:138,c:45 & min @c:1  
                                                                                                                  
trimmed               18 (16:TRUE)     --              FALSE  to 0:0: f:../SobelFilter.cpp,l:138,c:41 & max @c:2  
                                                                                                                  
trimmed               18 (16:TRUE)     --              FALSE  to 8:0: f:../SobelFilter.cpp,l:138,c:45 & min       
                                                                                                                  
f:../SobelFilter.cpp  18 (16:TRUE)     --              FALSE  & c:29                                              
                                                                                                                  
f:../SobelFilter.cpp  19 (17:FALSE)    --              FALSE  & c:30                                              
                                                                                                                  
f:../SobelFilter.cpp  19 (17:FALSE)    --              FALSE  & c:11                                              
                                                                                                                  
f:../SobelFilter.cpp  23 (21:FALSE)    --              FALSE  & trimmed to 8:0: l:97,c:6                          
                                                                                                                  
max                   23 (21:FALSE)    --              FALSE  ../SobelFilter.cpp,l:139,c:22                       
                                                                                                                  
trimmed               23 (21:FALSE)    --              FALSE  to 0:0: f:../SobelFilter.cpp,l:139,c:41 & max @c:2  
                                                                                                                  
trimmed               23 (21:FALSE)    --              FALSE  to 0:0: f:../SobelFilter.cpp,l:139,c:41 & max @c:2  
                                                                                                                  
trimmed               24 (21:TRUE)     --              FALSE  to 8:0: f:../SobelFilter.cpp,l:139,c:45 & min @c:1  
                                                                                                                  
o_newR.data.put::nb_  25 (22:FALSE)    --              FALSE  @(f:../SobelFilter.h,l:19,c:37->f:/tools/linux/cad  
                                                                                                                  
o_newR                25 (22:FALSE)    --              FALSE  ../SobelFilter.h,l:19,c:37                          
                                                                                                                  
o_newR.m_req.m_trig_  25 (22:FALSE)    --              FALSE  @(f:../SobelFilter.h,l:19,c:37->f:/tools/linux/cad  
                                                                                                                  
o_newR                27 (24:TRUE)     --              FALSE  ../SobelFilter.h,l:19,c:37                          
                                                                                                                  
do_filter.put         27 (24:TRUE)     --              FALSE  ../SobelFilter.cpp,l:95,c:19 mapped                 
                                                                                                                  
o_newG.data.put::nb_  28 (25:FALSE)    --              FALSE  @(f:../SobelFilter.h,l:20,c:37->f:/tools/linux/cad  
                                                                                                                  
o_newG                28 (25:FALSE)    --              FALSE  ../SobelFilter.h,l:20,c:37                          
                                                                                                                  
o_newG.m_req.m_trig_  28 (25:FALSE)    --              FALSE  @(f:../SobelFilter.h,l:20,c:37->f:/tools/linux/cad  
                                                                                                                  
o_newG                30 (27:TRUE)     --              FALSE  ../SobelFilter.h,l:20,c:37                          
                                                                                                                  
do_filter.put         30 (27:TRUE)     --              FALSE  ../SobelFilter.cpp,l:95,c:19 mapped                 
                                                                                                                  
trimmed               31 (28:FALSE)    --              FALSE  to 8:0: f:../SobelFilter.cpp,l:139,c:45 & min       
                                                                                                                  
o_newB.data.put::nb_  31 (28:FALSE)    --              FALSE  @(f:../SobelFilter.h,l:21,c:37->f:/tools/linux/cad  
                                                                                                                  
o_newB                31 (28:FALSE)    --              FALSE  ../SobelFilter.h,l:21,c:37                          
                                                                                                                  
o_newB.m_req.m_trig_  31 (28:FALSE)    --              FALSE  @(f:../SobelFilter.h,l:21,c:37->f:/tools/linux/cad  
                                                                                                                  
o_newB                33 (30:TRUE)     --              FALSE  ../SobelFilter.h,l:21,c:37                          
                                                                                                                  
do_filter.put         33 (30:TRUE)     --              FALSE  ../SobelFilter.cpp,l:95,c:19 mapped                 
                                                                                                                  
                                                                                                                  
Scheduler report for : gen_busy_0                                                                                 
---------------------------------                                                                                            
                                                                                                                  
Op                    SID(BB;Clocked)  Pipeline Stage  IS     SRCLOC                                              
--                    ---------------  --------------  --     ------                                              
                                                                                                                  
i_rgb.gen_busy.use_v  6 (5:FALSE)      --              FALSE  ../SobelFilter.h,l:18,c:37                          
                                                                                                                  
i_rgb.gen_busy        6 (5:FALSE)      --              FALSE  ../SobelFilter.h,l:18,c:37                          
                                                                                                                  
i_rgb.gen_busy        6 (5:FALSE)      --              FALSE  ../SobelFilter.h,l:18,c:37                          
                                                                                                                  
i_rgb.gen_busy        6 (5:FALSE)      --              FALSE  ../SobelFilter.h,l:18,c:37                          
                                                                                                                  
i_rgb.gen_busy        6 (5:FALSE)      --              FALSE  ../SobelFilter.h,l:18,c:37                          
                                                                                                                  
i_rgb.gen_busy        6 (5:FALSE)      --              FALSE  ../SobelFilter.h,l:18,c:37                          
                                                                                                                  
i_rgb.gen_busy        6 (5:FALSE)      --              FALSE  ../SobelFilter.h,l:18,c:37                          
                                                                                                                  
i_rgb.gen_busy        6 (5:FALSE)      --              FALSE  ../SobelFilter.h,l:18,c:37                          
                                                                                                                  
i_rgb.gen_busy        6 (5:FALSE)      --              FALSE  ../SobelFilter.h,l:18,c:37                          
                                                                                                                  
i_rgb.gen_busy        6 (5:FALSE)      --              FALSE  ../SobelFilter.h,l:18,c:37                          
                                                                                                                  
i_rgb.gen_busy        6 (5:FALSE)      --              FALSE  ../SobelFilter.h,l:18,c:37                          
                                                                                                                  
i_rgb.gen_busy        6 (5:FALSE)      --              FALSE  ../SobelFilter.h,l:18,c:37                          
                                                                                                                  
                                                                                                                  
